<?xml version="1.0" encoding="UTF-8"?>
<!-- Generated by org.testng.reporters.JUnitReportReporter -->
<testsuite hostname="DESKTOP-Q28BER4" failures="0" tests="1" name="testCases.Login" time="0.011" errors="0" timestamp="2023-08-30T11:32:23 IST" skipped="0">
  <testcase classname="testCases.Login" name="login" time="0.011"/>
  <system-out/>
</testsuite> <!-- testCases.Login -->
