<?xml version="1.0" encoding="UTF-8"?>
<!-- Generated by org.testng.reporters.JUnitReportReporter -->
<testsuite hostname="DESKTOP-Q28BER4" failures="0" tests="1" name="testCases.LaunchBrowser" time="3.632" errors="0" timestamp="2023-08-30T11:09:30 IST" skipped="0">
  <testcase classname="testCases.LaunchBrowser" name="launch" time="3.632"/>
  <system-out/>
</testsuite> <!-- testCases.LaunchBrowser -->
