<?xml version="1.0" encoding="UTF-8"?>
<!-- Generated by org.testng.reporters.JUnitReportReporter -->
<testsuite hostname="DESKTOP-Q28BER4" failures="0" tests="1" name="testCases.AddToCartTest" time="0.010" errors="0" timestamp="2023-08-30T11:37:38 IST" skipped="0">
  <testcase classname="testCases.AddToCartTest" name="addToCart" time="0.010"/>
  <system-out/>
</testsuite> <!-- testCases.AddToCartTest -->
