<?xml version="1.0" encoding="UTF-8"?>
<!-- Generated by org.testng.reporters.JUnitReportReporter -->
<testsuite hostname="DESKTOP-Q28BER4" failures="0" tests="1" name="testCases.LoginTest" time="7.932" errors="0" timestamp="2023-08-31T10:29:58 IST" skipped="0">
  <testcase classname="testCases.LoginTest" name="login" time="7.932"/>
  <system-out/>
</testsuite> <!-- testCases.LoginTest -->
