<?xml version="1.0" encoding="UTF-8"?>
<!-- Generated by org.testng.reporters.JUnitReportReporter -->
<testsuite hostname="DESKTOP-Q28BER4" failures="0" tests="1" name="testCases.LaunchBrowserTest" time="3.952" errors="0" timestamp="2023-09-02T17:38:46 IST" skipped="0">
  <testcase classname="testCases.LaunchBrowserTest" name="launch" time="3.952"/>
  <system-out/>
</testsuite> <!-- testCases.LaunchBrowserTest -->
