<?xml version="1.0" encoding="UTF-8"?>
<!-- Generated by org.testng.reporters.JUnitReportReporter -->
<testsuite hostname="DESKTOP-Q28BER4" failures="0" tests="1" name="testCases.AddToCartTest" time="7.140" errors="0" timestamp="2023-09-02T17:38:46 IST" skipped="0">
  <testcase classname="testCases.AddToCartTest" name="addToCart" time="7.140"/>
  <system-out/>
</testsuite> <!-- testCases.AddToCartTest -->
