<?xml version="1.0" encoding="UTF-8"?>
<!-- Generated by org.testng.reporters.JUnitReportReporter -->
<testsuite hostname="DESKTOP-Q28BER4" failures="0" tests="1" name="testCases.AddToCartTest" time="6.193" errors="0" timestamp="2023-08-30T15:33:14 IST" skipped="0">
  <testcase classname="testCases.AddToCartTest" name="addToCart" time="6.193"/>
  <system-out/>
</testsuite> <!-- testCases.AddToCartTest -->
