<?xml version="1.0" encoding="UTF-8"?>
<!-- Generated by org.testng.reporters.JUnitReportReporter -->
<testsuite hostname="DESKTOP-Q28BER4" failures="0" tests="1" name="testCases.LaunchBrowserTest" time="3.423" errors="0" timestamp="2023-08-30T15:33:14 IST" skipped="0">
  <testcase classname="testCases.LaunchBrowserTest" name="launch" time="3.423"/>
  <system-out/>
</testsuite> <!-- testCases.LaunchBrowserTest -->
