<?xml version="1.0" encoding="UTF-8"?>
<!-- Generated by org.testng.reporters.JUnitReportReporter -->
<testsuite hostname="DESKTOP-Q28BER4" failures="0" tests="1" name="testCases.RegisterTest" time="9.041" errors="0" timestamp="2023-08-30T15:33:14 IST" skipped="0">
  <testcase classname="testCases.RegisterTest" name="registerTestCase" time="9.041"/>
  <system-out/>
</testsuite> <!-- testCases.RegisterTest -->
