<?xml version="1.0" encoding="UTF-8"?>
<!-- Generated by org.testng.reporters.JUnitReportReporter -->
<testsuite hostname="DESKTOP-Q28BER4" failures="0" tests="2" name="testCases.RegisterTest" time="18.763" errors="0" timestamp="2023-09-02T17:38:46 IST" skipped="0">
  <testcase classname="testCases.RegisterTest" name="test2" time="0.001"/>
  <system-out/>
  <testcase classname="testCases.RegisterTest" name="registerTestCase" time="18.762"/>
  <system-out/>
</testsuite> <!-- testCases.RegisterTest -->
